<?xml version="1.0" encoding="UTF-8"?>
<testsuite xmlns:xsi="http://www.w3.org/2001/XMLSchema-instance" xsi:noNamespaceSchemaLocation="https://maven.apache.org/surefire/maven-surefire-plugin/xsd/surefire-test-report-3.0.xsd" version="3.0" name="com.example.japub.controller.ControllerTest" time="3.332" tests="1" errors="0" skipped="0" failures="0">
  <properties>
    <property name="java.specification.version" value="17"/>
    <property name="sun.cpu.isalist" value="amd64"/>
    <property name="sun.jnu.encoding" value="MS949"/>
    <property name="java.class.path" value="C:\spring_kyj\workspace\japub\target\test-classes;C:\spring_kyj\workspace\japub\target\classes;C:\Users\82108\.m2\repository\org\apache\tomcat\tomcat-api\9.0.73\tomcat-api-9.0.73.jar;C:\Users\82108\.m2\repository\org\apache\tomcat\tomcat-servlet-api\9.0.73\tomcat-servlet-api-9.0.73.jar;C:\Users\82108\.m2\repository\org\springframework\spring-webmvc\5.3.34\spring-webmvc-5.3.34.jar;C:\Users\82108\.m2\repository\org\springframework\spring-aop\5.3.34\spring-aop-5.3.34.jar;C:\Users\82108\.m2\repository\org\springframework\spring-beans\5.3.34\spring-beans-5.3.34.jar;C:\Users\82108\.m2\repository\org\springframework\spring-context\5.3.34\spring-context-5.3.34.jar;C:\Users\82108\.m2\repository\org\springframework\spring-core\5.3.34\spring-core-5.3.34.jar;C:\Users\82108\.m2\repository\org\springframework\spring-jcl\5.3.34\spring-jcl-5.3.34.jar;C:\Users\82108\.m2\repository\org\springframework\spring-expression\5.3.34\spring-expression-5.3.34.jar;C:\Users\82108\.m2\repository\org\springframework\spring-web\5.3.34\spring-web-5.3.34.jar;C:\Users\82108\.m2\repository\org\springframework\spring-context-support\5.3.34\spring-context-support-5.3.34.jar;C:\Users\82108\.m2\repository\org\springframework\spring-jdbc\5.3.34\spring-jdbc-5.3.34.jar;C:\Users\82108\.m2\repository\org\springframework\spring-tx\5.3.34\spring-tx-5.3.34.jar;C:\Users\82108\.m2\repository\org\springframework\spring-test\5.3.34\spring-test-5.3.34.jar;C:\Users\82108\.m2\repository\org\springframework\security\spring-security-core\5.8.10\spring-security-core-5.8.10.jar;C:\Users\82108\.m2\repository\org\springframework\security\spring-security-crypto\5.8.10\spring-security-crypto-5.8.10.jar;C:\Users\82108\.m2\repository\org\apache\tiles\tiles-jsp\3.0.8\tiles-jsp-3.0.8.jar;C:\Users\82108\.m2\repository\org\apache\tiles\tiles-servlet\3.0.8\tiles-servlet-3.0.8.jar;C:\Users\82108\.m2\repository\org\apache\tiles\tiles-core\3.0.8\tiles-core-3.0.8.jar;C:\Users\82108\.m2\repository\commons-digester\commons-digester\2.0\commons-digester-2.0.jar;C:\Users\82108\.m2\repository\commons-beanutils\commons-beanutils\1.8.0\commons-beanutils-1.8.0.jar;C:\Users\82108\.m2\repository\org\slf4j\jcl-over-slf4j\1.7.6\jcl-over-slf4j-1.7.6.jar;C:\Users\82108\.m2\repository\org\apache\tiles\tiles-request-servlet\1.0.7\tiles-request-servlet-1.0.7.jar;C:\Users\82108\.m2\repository\org\apache\tiles\tiles-template\3.0.8\tiles-template-3.0.8.jar;C:\Users\82108\.m2\repository\org\apache\tiles\tiles-api\3.0.8\tiles-api-3.0.8.jar;C:\Users\82108\.m2\repository\org\apache\tiles\tiles-autotag-core-runtime\1.2\tiles-autotag-core-runtime-1.2.jar;C:\Users\82108\.m2\repository\org\slf4j\slf4j-api\1.7.6\slf4j-api-1.7.6.jar;C:\Users\82108\.m2\repository\org\apache\tiles\tiles-request-jsp\1.0.7\tiles-request-jsp-1.0.7.jar;C:\Users\82108\.m2\repository\org\apache\tiles\tiles-request-api\1.0.7\tiles-request-api-1.0.7.jar;C:\Users\82108\.m2\repository\javax\servlet\jstl\1.2\jstl-1.2.jar;C:\Users\82108\.m2\repository\com\mysql\mysql-connector-j\8.3.0\mysql-connector-j-8.3.0.jar;C:\Users\82108\.m2\repository\com\google\protobuf\protobuf-java\3.25.1\protobuf-java-3.25.1.jar;C:\Users\82108\.m2\repository\org\mybatis\mybatis-spring\1.3.2\mybatis-spring-1.3.2.jar;C:\Users\82108\.m2\repository\org\mybatis\mybatis\3.5.7\mybatis-3.5.7.jar;C:\Users\82108\.m2\repository\com\zaxxer\HikariCP\5.0.1\HikariCP-5.0.1.jar;C:\Users\82108\.m2\repository\org\projectlombok\lombok\1.18.32\lombok-1.18.32.jar;C:\Users\82108\.m2\repository\org\apache\logging\log4j\log4j-core\2.21.0\log4j-core-2.21.0.jar;C:\Users\82108\.m2\repository\org\apache\logging\log4j\log4j-api\2.21.0\log4j-api-2.21.0.jar;C:\Users\82108\.m2\repository\log4j\log4j\1.2.17\log4j-1.2.17.jar;C:\Users\82108\.m2\repository\org\aspectj\aspectjweaver\1.9.22.1\aspectjweaver-1.9.22.1.jar;C:\Users\82108\.m2\repository\aspectj\aspectjrt\1.5.3\aspectjrt-1.5.3.jar;C:\Users\82108\.m2\repository\javax\validation\validation-api\2.0.1.Final\validation-api-2.0.1.Final.jar;C:\Users\82108\.m2\repository\com\fasterxml\jackson\core\jackson-databind\2.17.2\jackson-databind-2.17.2.jar;C:\Users\82108\.m2\repository\com\fasterxml\jackson\core\jackson-annotations\2.17.2\jackson-annotations-2.17.2.jar;C:\Users\82108\.m2\repository\com\fasterxml\jackson\core\jackson-core\2.17.2\jackson-core-2.17.2.jar;C:\Users\82108\.m2\repository\net\coobird\thumbnailator\0.4.20\thumbnailator-0.4.20.jar;C:\Users\82108\.m2\repository\commons-fileupload\commons-fileupload\1.5\commons-fileupload-1.5.jar;C:\Users\82108\.m2\repository\commons-io\commons-io\2.11.0\commons-io-2.11.0.jar;C:\Users\82108\.m2\repository\javax\mail\javax.mail-api\1.6.2\javax.mail-api-1.6.2.jar;C:\Users\82108\.m2\repository\com\sun\mail\javax.mail\1.6.2\javax.mail-1.6.2.jar;C:\Users\82108\.m2\repository\javax\activation\activation\1.1\activation-1.1.jar;C:\Users\82108\.m2\repository\org\quartz-scheduler\quartz\2.3.2\quartz-2.3.2.jar;C:\Users\82108\.m2\repository\com\mchange\c3p0\0.9.5.4\c3p0-0.9.5.4.jar;C:\Users\82108\.m2\repository\com\mchange\mchange-commons-java\0.2.15\mchange-commons-java-0.2.15.jar;C:\Users\82108\.m2\repository\com\zaxxer\HikariCP-java7\2.4.13\HikariCP-java7-2.4.13.jar;C:\Users\82108\.m2\repository\junit\junit\4.13.2\junit-4.13.2.jar;C:\Users\82108\.m2\repository\org\hamcrest\hamcrest-core\1.3\hamcrest-core-1.3.jar;"/>
    <property name="java.vm.vendor" value="Eclipse Adoptium"/>
    <property name="sun.arch.data.model" value="64"/>
    <property name="user.variant" value=""/>
    <property name="java.vendor.url" value="https://adoptium.net/"/>
    <property name="user.timezone" value="Asia/Seoul"/>
    <property name="os.name" value="Windows 10"/>
    <property name="java.vm.specification.version" value="17"/>
    <property name="sun.java.launcher" value="SUN_STANDARD"/>
    <property name="user.country" value="KR"/>
    <property name="sun.boot.library.path" value="C:\spring_kyj\resource\spring-tool-suite-4-4.22.0.RELEASE-e4.31.0-win32.win32.x86_64.self-extracting\sts-4.22.0.RELEASE\plugins\org.eclipse.justj.openjdk.hotspot.jre.full.win32.x86_64_17.0.10.v20240120-1143\jre\bin"/>
    <property name="sun.java.command" value="C:\Users\82108\AppData\Local\Temp\surefire448289769010127440\surefirebooter-20250715225830113_3.jar C:\Users\82108\AppData\Local\Temp\surefire448289769010127440 2025-07-15T22-58-29_872-jvmRun1 surefire-20250715225830113_1tmp surefire_0-20250715225830113_2tmp"/>
    <property name="jdk.debug" value="release"/>
    <property name="surefire.test.class.path" value="C:\spring_kyj\workspace\japub\target\test-classes;C:\spring_kyj\workspace\japub\target\classes;C:\Users\82108\.m2\repository\org\apache\tomcat\tomcat-api\9.0.73\tomcat-api-9.0.73.jar;C:\Users\82108\.m2\repository\org\apache\tomcat\tomcat-servlet-api\9.0.73\tomcat-servlet-api-9.0.73.jar;C:\Users\82108\.m2\repository\org\springframework\spring-webmvc\5.3.34\spring-webmvc-5.3.34.jar;C:\Users\82108\.m2\repository\org\springframework\spring-aop\5.3.34\spring-aop-5.3.34.jar;C:\Users\82108\.m2\repository\org\springframework\spring-beans\5.3.34\spring-beans-5.3.34.jar;C:\Users\82108\.m2\repository\org\springframework\spring-context\5.3.34\spring-context-5.3.34.jar;C:\Users\82108\.m2\repository\org\springframework\spring-core\5.3.34\spring-core-5.3.34.jar;C:\Users\82108\.m2\repository\org\springframework\spring-jcl\5.3.34\spring-jcl-5.3.34.jar;C:\Users\82108\.m2\repository\org\springframework\spring-expression\5.3.34\spring-expression-5.3.34.jar;C:\Users\82108\.m2\repository\org\springframework\spring-web\5.3.34\spring-web-5.3.34.jar;C:\Users\82108\.m2\repository\org\springframework\spring-context-support\5.3.34\spring-context-support-5.3.34.jar;C:\Users\82108\.m2\repository\org\springframework\spring-jdbc\5.3.34\spring-jdbc-5.3.34.jar;C:\Users\82108\.m2\repository\org\springframework\spring-tx\5.3.34\spring-tx-5.3.34.jar;C:\Users\82108\.m2\repository\org\springframework\spring-test\5.3.34\spring-test-5.3.34.jar;C:\Users\82108\.m2\repository\org\springframework\security\spring-security-core\5.8.10\spring-security-core-5.8.10.jar;C:\Users\82108\.m2\repository\org\springframework\security\spring-security-crypto\5.8.10\spring-security-crypto-5.8.10.jar;C:\Users\82108\.m2\repository\org\apache\tiles\tiles-jsp\3.0.8\tiles-jsp-3.0.8.jar;C:\Users\82108\.m2\repository\org\apache\tiles\tiles-servlet\3.0.8\tiles-servlet-3.0.8.jar;C:\Users\82108\.m2\repository\org\apache\tiles\tiles-core\3.0.8\tiles-core-3.0.8.jar;C:\Users\82108\.m2\repository\commons-digester\commons-digester\2.0\commons-digester-2.0.jar;C:\Users\82108\.m2\repository\commons-beanutils\commons-beanutils\1.8.0\commons-beanutils-1.8.0.jar;C:\Users\82108\.m2\repository\org\slf4j\jcl-over-slf4j\1.7.6\jcl-over-slf4j-1.7.6.jar;C:\Users\82108\.m2\repository\org\apache\tiles\tiles-request-servlet\1.0.7\tiles-request-servlet-1.0.7.jar;C:\Users\82108\.m2\repository\org\apache\tiles\tiles-template\3.0.8\tiles-template-3.0.8.jar;C:\Users\82108\.m2\repository\org\apache\tiles\tiles-api\3.0.8\tiles-api-3.0.8.jar;C:\Users\82108\.m2\repository\org\apache\tiles\tiles-autotag-core-runtime\1.2\tiles-autotag-core-runtime-1.2.jar;C:\Users\82108\.m2\repository\org\slf4j\slf4j-api\1.7.6\slf4j-api-1.7.6.jar;C:\Users\82108\.m2\repository\org\apache\tiles\tiles-request-jsp\1.0.7\tiles-request-jsp-1.0.7.jar;C:\Users\82108\.m2\repository\org\apache\tiles\tiles-request-api\1.0.7\tiles-request-api-1.0.7.jar;C:\Users\82108\.m2\repository\javax\servlet\jstl\1.2\jstl-1.2.jar;C:\Users\82108\.m2\repository\com\mysql\mysql-connector-j\8.3.0\mysql-connector-j-8.3.0.jar;C:\Users\82108\.m2\repository\com\google\protobuf\protobuf-java\3.25.1\protobuf-java-3.25.1.jar;C:\Users\82108\.m2\repository\org\mybatis\mybatis-spring\1.3.2\mybatis-spring-1.3.2.jar;C:\Users\82108\.m2\repository\org\mybatis\mybatis\3.5.7\mybatis-3.5.7.jar;C:\Users\82108\.m2\repository\com\zaxxer\HikariCP\5.0.1\HikariCP-5.0.1.jar;C:\Users\82108\.m2\repository\org\projectlombok\lombok\1.18.32\lombok-1.18.32.jar;C:\Users\82108\.m2\repository\org\apache\logging\log4j\log4j-core\2.21.0\log4j-core-2.21.0.jar;C:\Users\82108\.m2\repository\org\apache\logging\log4j\log4j-api\2.21.0\log4j-api-2.21.0.jar;C:\Users\82108\.m2\repository\log4j\log4j\1.2.17\log4j-1.2.17.jar;C:\Users\82108\.m2\repository\org\aspectj\aspectjweaver\1.9.22.1\aspectjweaver-1.9.22.1.jar;C:\Users\82108\.m2\repository\aspectj\aspectjrt\1.5.3\aspectjrt-1.5.3.jar;C:\Users\82108\.m2\repository\javax\validation\validation-api\2.0.1.Final\validation-api-2.0.1.Final.jar;C:\Users\82108\.m2\repository\com\fasterxml\jackson\core\jackson-databind\2.17.2\jackson-databind-2.17.2.jar;C:\Users\82108\.m2\repository\com\fasterxml\jackson\core\jackson-annotations\2.17.2\jackson-annotations-2.17.2.jar;C:\Users\82108\.m2\repository\com\fasterxml\jackson\core\jackson-core\2.17.2\jackson-core-2.17.2.jar;C:\Users\82108\.m2\repository\net\coobird\thumbnailator\0.4.20\thumbnailator-0.4.20.jar;C:\Users\82108\.m2\repository\commons-fileupload\commons-fileupload\1.5\commons-fileupload-1.5.jar;C:\Users\82108\.m2\repository\commons-io\commons-io\2.11.0\commons-io-2.11.0.jar;C:\Users\82108\.m2\repository\javax\mail\javax.mail-api\1.6.2\javax.mail-api-1.6.2.jar;C:\Users\82108\.m2\repository\com\sun\mail\javax.mail\1.6.2\javax.mail-1.6.2.jar;C:\Users\82108\.m2\repository\javax\activation\activation\1.1\activation-1.1.jar;C:\Users\82108\.m2\repository\org\quartz-scheduler\quartz\2.3.2\quartz-2.3.2.jar;C:\Users\82108\.m2\repository\com\mchange\c3p0\0.9.5.4\c3p0-0.9.5.4.jar;C:\Users\82108\.m2\repository\com\mchange\mchange-commons-java\0.2.15\mchange-commons-java-0.2.15.jar;C:\Users\82108\.m2\repository\com\zaxxer\HikariCP-java7\2.4.13\HikariCP-java7-2.4.13.jar;C:\Users\82108\.m2\repository\junit\junit\4.13.2\junit-4.13.2.jar;C:\Users\82108\.m2\repository\org\hamcrest\hamcrest-core\1.3\hamcrest-core-1.3.jar;"/>
    <property name="sun.cpu.endian" value="little"/>
    <property name="user.home" value="C:\Users\82108"/>
    <property name="user.language" value="ko"/>
    <property name="java.specification.vendor" value="Oracle Corporation"/>
    <property name="java.version.date" value="2024-01-16"/>
    <property name="java.home" value="C:\spring_kyj\resource\spring-tool-suite-4-4.22.0.RELEASE-e4.31.0-win32.win32.x86_64.self-extracting\sts-4.22.0.RELEASE\plugins\org.eclipse.justj.openjdk.hotspot.jre.full.win32.x86_64_17.0.10.v20240120-1143\jre"/>
    <property name="file.separator" value="\"/>
    <property name="style.color" value="always"/>
    <property name="basedir" value="C:\spring_kyj\workspace\japub"/>
    <property name="java.vm.compressedOopsMode" value="Zero based"/>
    <property name="line.separator" value="&#10;"/>
    <property name="java.vm.specification.vendor" value="Oracle Corporation"/>
    <property name="java.specification.name" value="Java Platform API Specification"/>
    <property name="surefire.real.class.path" value="C:\Users\82108\AppData\Local\Temp\surefire448289769010127440\surefirebooter-20250715225830113_3.jar"/>
    <property name="user.script" value=""/>
    <property name="sun.management.compiler" value="HotSpot 64-Bit Tiered Compilers"/>
    <property name="java.runtime.version" value="17.0.10+7"/>
    <property name="user.name" value="82108"/>
    <property name="path.separator" value=";"/>
    <property name="os.version" value="10.0"/>
    <property name="java.runtime.name" value="OpenJDK Runtime Environment"/>
    <property name="file.encoding" value="MS949"/>
    <property name="java.vm.name" value="OpenJDK 64-Bit Server VM"/>
    <property name="java.vendor.version" value="Temurin-17.0.10+7"/>
    <property name="localRepository" value="C:\Users\82108\.m2\repository"/>
    <property name="java.vendor.url.bug" value="https://github.com/adoptium/adoptium-support/issues"/>
    <property name="java.io.tmpdir" value="C:\Users\82108\AppData\Local\Temp\"/>
    <property name="java.version" value="17.0.10"/>
    <property name="user.dir" value="C:\spring_kyj\workspace\japub"/>
    <property name="os.arch" value="amd64"/>
    <property name="java.vm.specification.name" value="Java Virtual Machine Specification"/>
    <property name="sun.os.patch.level" value=""/>
    <property name="native.encoding" value="MS949"/>
    <property name="java.library.path" value="C:\spring_kyj\resource\spring-tool-suite-4-4.22.0.RELEASE-e4.31.0-win32.win32.x86_64.self-extracting\sts-4.22.0.RELEASE\plugins\org.eclipse.justj.openjdk.hotspot.jre.full.win32.x86_64_17.0.10.v20240120-1143\jre\bin;C:\WINDOWS\Sun\Java\bin;C:\WINDOWS\system32;C:\WINDOWS;C:/spring_kyj/resource/spring-tool-suite-4-4.22.0.RELEASE-e4.31.0-win32.win32.x86_64.self-extracting/sts-4.22.0.RELEASE//plugins/org.eclipse.justj.openjdk.hotspot.jre.full.win32.x86_64_17.0.10.v20240120-1143/jre/bin/server;C:/spring_kyj/resource/spring-tool-suite-4-4.22.0.RELEASE-e4.31.0-win32.win32.x86_64.self-extracting/sts-4.22.0.RELEASE//plugins/org.eclipse.justj.openjdk.hotspot.jre.full.win32.x86_64_17.0.10.v20240120-1143/jre/bin;C:\Java\jdk-11.0.15\bin;C:\Program Files\nodejs;C:\Program Files\MySQL\MySQL Server 8.0\bin;C:\oraclexe\app\oracle\product\11.2.0\server\bin;C:\Program Files (x86)\NAT Service;C:\WINDOWS\system32;C:\WINDOWS;C:\WINDOWS\System32\Wbem;C:\WINDOWS\System32\WindowsPowerShell\v1.0\;C:\WINDOWS\System32\OpenSSH\;C:\Program Files\nodejs\;C:\Git\cmd;C:\Users\82108\AppData\Local\Microsoft\WindowsApps;C:\Program Files\Bandizip\;C:\Users\82108\AppData\Local\Programs\Microsoft VS Code\bin;C:\Users\82108\AppData\Roaming\npm;C:\spring_kyj\resource\spring-tool-suite-4-4.22.0.RELEASE-e4.31.0-win32.win32.x86_64.self-extracting\sts-4.22.0.RELEASE;;."/>
    <property name="java.vm.info" value="mixed mode"/>
    <property name="java.vendor" value="Eclipse Adoptium"/>
    <property name="java.vm.version" value="17.0.10+7"/>
    <property name="sun.io.unicode.encoding" value="UnicodeLittle"/>
    <property name="java.class.version" value="61.0"/>
  </properties>
  <testcase name="controllerTest" classname="com.example.japub.controller.ControllerTest" time="0.245">
    <system-out><![CDATA[0
]]></system-out>
    <system-err><![CDATA[SLF4J: Failed to load class "org.slf4j.impl.StaticLoggerBinder".
SLF4J: Defaulting to no-operation (NOP) logger implementation
SLF4J: See http://www.slf4j.org/codes.html#StaticLoggerBinder for further details.
]]></system-err>
  </testcase>
</testsuite>